0 info it worked if it ends with ok
1 verbose cli [ '/usr/bin/node', '/usr/bin/npm', 'install', '-g', 'ionic' ]
2 info using npm@1.4.28
3 info using node@v0.10.37
4 verbose node symlink /usr/bin/node
5 verbose cache add [ 'ionic', null ]
6 verbose cache add name=undefined spec="ionic" args=["ionic",null]
7 verbose parsed url { protocol: null,
7 verbose parsed url   slashes: null,
7 verbose parsed url   auth: null,
7 verbose parsed url   host: null,
7 verbose parsed url   port: null,
7 verbose parsed url   hostname: null,
7 verbose parsed url   hash: null,
7 verbose parsed url   search: null,
7 verbose parsed url   query: null,
7 verbose parsed url   pathname: 'ionic',
7 verbose parsed url   path: 'ionic',
7 verbose parsed url   href: 'ionic' }
8 silly lockFile 00d10074-ionic ionic
9 verbose lock ionic /home/manuel/.npm/00d10074-ionic.lock
10 silly lockFile 00d10074-ionic ionic
11 silly lockFile 00d10074-ionic ionic
12 verbose addNamed [ 'ionic', '' ]
13 verbose addNamed [ null, '*' ]
14 silly lockFile 966fc04a-ionic ionic@
15 verbose lock ionic@ /home/manuel/.npm/966fc04a-ionic.lock
16 silly addNameRange { name: 'ionic', range: '*', hasData: false }
17 verbose request where is /ionic
18 verbose request registry https://registry.npmjs.org/
19 verbose request id 32205332bec0b456
20 verbose url raw /ionic
21 verbose url resolving [ 'https://registry.npmjs.org/', './ionic' ]
22 verbose url resolved https://registry.npmjs.org/ionic
23 verbose request where is https://registry.npmjs.org/ionic
24 info trying registry request attempt 1 at 15:26:30
25 http GET https://registry.npmjs.org/ionic
26 http 200 https://registry.npmjs.org/ionic
27 silly registry.get cb [ 200,
27 silly registry.get   { server: 'CouchDB/1.5.0 (Erlang OTP/R16B03)',
27 silly registry.get     etag: '"CA8MS3PS7VDE0VZ8H63GP3SBX"',
27 silly registry.get     'content-type': 'application/json',
27 silly registry.get     'cache-control': 'max-age=60',
27 silly registry.get     'content-length': '447721',
27 silly registry.get     'accept-ranges': 'bytes',
27 silly registry.get     date: 'Mon, 27 Jul 2015 13:26:30 GMT',
27 silly registry.get     via: '1.1 varnish',
27 silly registry.get     age: '49',
27 silly registry.get     connection: 'keep-alive',
27 silly registry.get     'x-served-by': 'cache-lcy1130-LCY',
27 silly registry.get     'x-cache': 'HIT',
27 silly registry.get     'x-cache-hits': '1',
27 silly registry.get     'x-timer': 'S1438003590.250995,VS0,VE14',
27 silly registry.get     vary: 'Accept' } ]
28 silly addNameRange number 2 { name: 'ionic', range: '*', hasData: true }
29 silly addNameRange versions [ 'ionic',
29 silly addNameRange   [ '0.9.6',
29 silly addNameRange     '0.9.8',
29 silly addNameRange     '0.9.9',
29 silly addNameRange     '0.9.10',
29 silly addNameRange     '0.9.11',
29 silly addNameRange     '0.9.12',
29 silly addNameRange     '0.9.13',
29 silly addNameRange     '0.9.14',
29 silly addNameRange     '0.9.15',
29 silly addNameRange     '0.9.16',
29 silly addNameRange     '1.0.0-beta.1',
29 silly addNameRange     '1.0.0-beta',
29 silly addNameRange     '1.0.1-beta',
29 silly addNameRange     '1.0.3-beta',
29 silly addNameRange     '1.0.4',
29 silly addNameRange     '1.0.5',
29 silly addNameRange     '1.0.6',
29 silly addNameRange     '1.0.7',
29 silly addNameRange     '1.0.8',
29 silly addNameRange     '1.0.9',
29 silly addNameRange     '1.0.10',
29 silly addNameRange     '1.0.11',
29 silly addNameRange     '1.0.12',
29 silly addNameRange     '1.0.13',
29 silly addNameRange     '1.0.14',
29 silly addNameRange     '1.0.15',
29 silly addNameRange     '1.0.16',
29 silly addNameRange     '1.0.17',
29 silly addNameRange     '1.1.0-beta1',
29 silly addNameRange     '1.1.0-beta2',
29 silly addNameRange     '1.1.0-beta3',
29 silly addNameRange     '1.1.0-beta4',
29 silly addNameRange     '1.1.0-beta5',
29 silly addNameRange     '1.1.0-beta6',
29 silly addNameRange     '1.1.0',
29 silly addNameRange     '1.1.1-beta1',
29 silly addNameRange     '1.1.1-beta2',
29 silly addNameRange     '1.1.1-beta3',
29 silly addNameRange     '1.1.1',
29 silly addNameRange     '1.1.3',
29 silly addNameRange     '1.1.4',
29 silly addNameRange     '1.1.5-beta1',
29 silly addNameRange     '1.1.5-beta2',
29 silly addNameRange     '1.1.5-beta3',
29 silly addNameRange     '1.1.5-beta4',
29 silly addNameRange     '1.1.5-beta5',
29 silly addNameRange     '1.1.5',
29 silly addNameRange     '1.1.6',
29 silly addNameRange     '1.1.7-beta1',
29 silly addNameRange     '1.1.7',
29 silly addNameRange     '1.1.8-beta1',
29 silly addNameRange     '1.1.8-beta2',
29 silly addNameRange     '1.1.8-beta3',
29 silly addNameRange     '1.1.8-beta4',
29 silly addNameRange     '1.1.8-beta5',
29 silly addNameRange     '1.1.8',
29 silly addNameRange     '1.1.9-beta1',
29 silly addNameRange     '1.1.9',
29 silly addNameRange     '1.1.10',
29 silly addNameRange     '1.1.11-beta1',
29 silly addNameRange     '1.1.11-beta2',
29 silly addNameRange     '1.1.11',
29 silly addNameRange     '1.1.12-beta1',
29 silly addNameRange     '1.1.12-beta2',
29 silly addNameRange     '1.1.12-beta3',
29 silly addNameRange     '1.1.12',
29 silly addNameRange     '1.1.13',
29 silly addNameRange     '1.1.14-beta1',
29 silly addNameRange     '1.1.14-beta2',
29 silly addNameRange     '1.1.14-beta3',
29 silly addNameRange     '1.2.0-beta1',
29 silly addNameRange     '1.2.0',
29 silly addNameRange     '1.2.1-beta1',
29 silly addNameRange     '1.2.1-beta2',
29 silly addNameRange     '1.2.1-beta3',
29 silly addNameRange     '1.2.1-beta4',
29 silly addNameRange     '1.2.1',
29 silly addNameRange     '1.2.2',
29 silly addNameRange     '1.2.3-beta1',
29 silly addNameRange     '1.2.3-beta2',
29 silly addNameRange     '1.2.3-beta3',
29 silly addNameRange     '1.2.3',
29 silly addNameRange     '1.2.4-beta1',
29 silly addNameRange     '1.2.4-beta2',
29 silly addNameRange     '1.2.4-beta3',
29 silly addNameRange     '1.2.4',
29 silly addNameRange     '1.2.5-beta1',
29 silly addNameRange     '1.2.5-beta2',
29 silly addNameRange     '1.2.5-beta3',
29 silly addNameRange     '1.2.5',
29 silly addNameRange     '1.2.6-beta1',
29 silly addNameRange     '1.2.6-beta2',
29 silly addNameRange     '1.2.6-beta3',
29 silly addNameRange     '1.2.6',
29 silly addNameRange     '1.2.7',
29 silly addNameRange     '1.2.8-beta1',
29 silly addNameRange     '1.2.8-beta2',
29 silly addNameRange     '1.2.8',
29 silly addNameRange     '1.2.9',
29 silly addNameRange     '1.2.10',
29 silly addNameRange     '1.2.11',
29 silly addNameRange     '1.2.12',
29 silly addNameRange     '1.2.13',
29 silly addNameRange     '1.2.14-beta1',
29 silly addNameRange     '1.2.14-beta2',
29 silly addNameRange     '1.2.14-beta3',
29 silly addNameRange     '1.2.14-beta4',
29 silly addNameRange     '1.2.14-beta5',
29 silly addNameRange     '1.2.14-beta6',
29 silly addNameRange     '1.2.14',
29 silly addNameRange     '1.3.0-beta1',
29 silly addNameRange     '1.3.0',
29 silly addNameRange     '1.3.1',
29 silly addNameRange     '1.3.2',
29 silly addNameRange     '1.3.3',
29 silly addNameRange     '1.3.4',
29 silly addNameRange     '1.3.5',
29 silly addNameRange     '1.3.6',
29 silly addNameRange     '1.3.7',
29 silly addNameRange     '1.3.8',
29 silly addNameRange     '1.3.9',
29 silly addNameRange     '1.3.10',
29 silly addNameRange     '1.4.0-alpha.1',
29 silly addNameRange     '1.3.11',
29 silly addNameRange     '1.3.1-1.alpha.0',
29 silly addNameRange     '1.4.0-alpha.2',
29 silly addNameRange     '1.3.12',
29 silly addNameRange     '1.3.12-beta.1',
29 silly addNameRange     '1.3.12-beta.2',
29 silly addNameRange     '1.3.13-beta.0',
29 silly addNameRange     '1.3.1-3.beta.1',
29 silly addNameRange     '1.3.1-3.beta.2',
29 silly addNameRange     '1.3.13',
29 silly addNameRange     '1.3.1-3.beta.4',
29 silly addNameRange     '1.3.14-beta',
29 silly addNameRange     '1.3.14-beta.1',
29 silly addNameRange     '1.4.0-alpha.3',
29 silly addNameRange     '1.3.14',
29 silly addNameRange     '1.4.0-alpha.4',
29 silly addNameRange     '1.4.0-alpha.5',
29 silly addNameRange     '1.3.15-beta.0',
29 silly addNameRange     '1.3.15-beta.1',
29 silly addNameRange     '1.3.15-beta.2',
29 silly addNameRange     '1.3.15-beta.3',
29 silly addNameRange     '1.3.15-beta.4',
29 silly addNameRange     '1.3.15',
29 silly addNameRange     '1.3.16',
29 silly addNameRange     '1.4.0-alpha.6',
29 silly addNameRange     '1.3.17-beta.0',
29 silly addNameRange     '1.3.17-beta.1',
29 silly addNameRange     '1.3.17-beta.2',
29 silly addNameRange     '1.3.17-beta.3',
29 silly addNameRange     '1.3.1-7.beta.4',
29 silly addNameRange     '1.3.17',
29 silly addNameRange     '1.3.18-beta.0',
29 silly addNameRange     '1.3.18-beta.1',
29 silly addNameRange     '1.3.18-beta.2',
29 silly addNameRange     '1.3.18-beta.3',
29 silly addNameRange     '1.3.18',
29 silly addNameRange     '1.3.19-beta.0',
29 silly addNameRange     '1.3.19-beta.1',
29 silly addNameRange     '1.3.19-beta.2',
29 silly addNameRange     '1.3.19-beta.3',
29 silly addNameRange     '1.3.19-beta.4',
29 silly addNameRange     '1.3.19',
29 silly addNameRange     '1.3.20',
29 silly addNameRange     '1.4.1-beta.0',
29 silly addNameRange     '1.4.0-beta.1',
29 silly addNameRange     '1.4.0-beta.2',
29 silly addNameRange     '1.4.0-beta.3',
29 silly addNameRange     '1.4.0-beta.5',
29 silly addNameRange     '1.4.0-beta.6',
29 silly addNameRange     '1.4.0-beta.7',
29 silly addNameRange     '1.3.21-beta.0',
29 silly addNameRange     '1.3.21-beta.1',
29 silly addNameRange     '1.3.21',
29 silly addNameRange     '1.3.22',
29 silly addNameRange     '1.4.0-beta.8',
29 silly addNameRange     '1.4.0-beta.9',
29 silly addNameRange     '1.4.0-beta.10',
29 silly addNameRange     '1.4.0-beta.11',
29 silly addNameRange     '1.4.0-beta.12',
29 silly addNameRange     '1.4.0-beta.13',
29 silly addNameRange     '1.4.0-beta.14',
29 silly addNameRange     '1.4.0-beta.15',
29 silly addNameRange     '1.4.0-beta.16',
29 silly addNameRange     '1.4.0-beta.17',
29 silly addNameRange     '1.4.0-beta.18',
29 silly addNameRange     '1.4.0',
29 silly addNameRange     '1.4.1',
29 silly addNameRange     '1.4.2',
29 silly addNameRange     '1.4.3',
29 silly addNameRange     '1.4.4-beta.0',
29 silly addNameRange     '1.4.4-beta.2',
29 silly addNameRange     '1.4.4',
29 silly addNameRange     '1.4.5-beta.0',
29 silly addNameRange     '1.4.5-beta.1',
29 silly addNameRange     '1.4.5-beta.2',
29 silly addNameRange     '1.4.5-beta.3',
29 silly addNameRange     '1.4.5',
29 silly addNameRange     '1.4.6-beta.0',
29 silly addNameRange     '1.4.6',
29 silly addNameRange     '1.4.7',
29 silly addNameRange     '1.4.8',
29 silly addNameRange     '1.5.0-beta.0',
29 silly addNameRange     '1.5.0-beta.1',
29 silly addNameRange     '1.5.0',
29 silly addNameRange     '1.5.1-beta.0',
29 silly addNameRange     '1.5.1-beta.1',
29 silly addNameRange     '1.5.1-beta.2',
29 silly addNameRange     '1.5.1-beta.3',
29 silly addNameRange     '1.5.1-beta.4',
29 silly addNameRange     '1.5.1',
29 silly addNameRange     '1.5.2',
29 silly addNameRange     '1.5.3',
29 silly addNameRange     '1.5.4',
29 silly addNameRange     '1.5.5',
29 silly addNameRange     '1.6.0-beta.1',
29 silly addNameRange     '1.6.0',
29 silly addNameRange     '1.6.1',
29 silly addNameRange     '1.6.2-beta.0',
29 silly addNameRange     '1.6.2-beta.1' ] ]
30 verbose addNamed [ 'ionic', '1.6.1' ]
31 verbose addNamed [ '1.6.1', '1.6.1' ]
32 silly lockFile b657aebc-ionic-1-6-1 ionic@1.6.1
33 verbose lock ionic@1.6.1 /home/manuel/.npm/b657aebc-ionic-1-6-1.lock
34 silly lockFile 2eb8a8ec--npmjs-org-ionic-ionic-1-6-1-tgz https://registry.npmjs.org/ionic/-/ionic-1.6.1.tgz
35 verbose lock https://registry.npmjs.org/ionic/-/ionic-1.6.1.tgz /home/manuel/.npm/2eb8a8ec--npmjs-org-ionic-ionic-1-6-1-tgz.lock
36 verbose addRemoteTarball [ 'https://registry.npmjs.org/ionic/-/ionic-1.6.1.tgz',
36 verbose addRemoteTarball   'a523c04601dc594bc15ff3913ec5e376ccaafb8b' ]
37 info retry fetch attempt 1 at 15:26:32
38 verbose fetch to= /tmp/npm-2479-OJAK_zz3/registry.npmjs.org/ionic/-/ionic-1.6.1.tgz
39 http GET https://registry.npmjs.org/ionic/-/ionic-1.6.1.tgz
40 http 200 https://registry.npmjs.org/ionic/-/ionic-1.6.1.tgz
41 silly lockFile 2eb8a8ec--npmjs-org-ionic-ionic-1-6-1-tgz https://registry.npmjs.org/ionic/-/ionic-1.6.1.tgz
42 silly lockFile 2eb8a8ec--npmjs-org-ionic-ionic-1-6-1-tgz https://registry.npmjs.org/ionic/-/ionic-1.6.1.tgz
43 silly lockFile b657aebc-ionic-1-6-1 ionic@1.6.1
44 silly lockFile b657aebc-ionic-1-6-1 ionic@1.6.1
45 silly lockFile 966fc04a-ionic ionic@
46 silly lockFile 966fc04a-ionic ionic@
47 silly resolved [ { name: 'ionic',
47 silly resolved     version: '1.6.1',
47 silly resolved     preferGlobal: true,
47 silly resolved     description: 'A tool for creating and developing Ionic Framework mobile apps.',
47 silly resolved     homepage: 'http://ionicframework.com/',
47 silly resolved     bin: { ionic: 'bin/ionic' },
47 silly resolved     scripts:
47 silly resolved      { bump: 'node lib/tasks/bumpversion',
47 silly resolved        'beta-bump': 'node lib/tasks/bumpversion --level pre --identifier beta',
47 silly resolved        'publish-release': 'node lib/tasks/bumpversion --npmPublish',
47 silly resolved        'publish-tag': 'node lib/tasks/bumpversion --level beta --npmPublishTag',
47 silly resolved        'full-release': 'node lib/tasks/bumpversion --npmInstall --git --npmPublish',
47 silly resolved        test: 'npm run jasmine',
47 silly resolved        e2e: 'jasmine-node --captureExceptions ./e2e',
47 silly resolved        jasmine: 'jasmine-node --captureExceptions  ./spec' },
47 silly resolved     keywords:
47 silly resolved      [ 'ionic',
47 silly resolved        'ionic framework',
47 silly resolved        'ionicframework',
47 silly resolved        'mobile',
47 silly resolved        'app',
47 silly resolved        'hybrid',
47 silly resolved        'cordova',
47 silly resolved        'phonegap' ],
47 silly resolved     repository:
47 silly resolved      { type: 'git',
47 silly resolved        url: 'git+https://github.com/driftyco/ionic-cli.git' },
47 silly resolved     contributors: [ [Object], [Object], [Object], [Object] ],
47 silly resolved     license: 'MIT',
47 silly resolved     dependencies:
47 silly resolved      { async: '^0.9.0',
47 silly resolved        cheerio: '^0.19.0',
47 silly resolved        'cli-table': '^0.3.1',
47 silly resolved        colors: '0.6.2',
47 silly resolved        connect: '3.1.1',
47 silly resolved        'connect-livereload': '0.5.2',
47 silly resolved        crc: '3.2.1',
47 silly resolved        'cross-spawn': '0.2.3',
47 silly resolved        'event-stream': '3.0.x',
47 silly resolved        finalhandler: '0.2.0',
47 silly resolved        'form-data': '0.1.4',
47 silly resolved        gulp: '3.8.8',
47 silly resolved        'ionic-app-lib': '0.3.3',
47 silly resolved        ncp: '0.4.2',
47 silly resolved        npm: '2.1.3',
47 silly resolved        'opbeat-ionic': '^1.1.3',
47 silly resolved        open: '0.0.5',
47 silly resolved        optimist: '0.6.0',
47 silly resolved        progress: '1.1.7',
47 silly resolved        prompt: '0.2.12',
47 silly resolved        'proxy-middleware': '^0.7.0',
47 silly resolved        q: '1.0.1',
47 silly resolved        request: '2.51.0',
47 silly resolved        semver: '^4.2.0',
47 silly resolved        'serve-static': '1.7.1',
47 silly resolved        shelljs: '0.2.6',
47 silly resolved        'tiny-lr-fork': '0.0.5',
47 silly resolved        underscore: '~1.7.0',
47 silly resolved        unzip: '0.1.9',
47 silly resolved        'vinyl-fs': '0.3.7',
47 silly resolved        xml2js: '0.4.4' },
47 silly resolved     devDependencies: { 'jasmine-node': '^1.14.5' },
47 silly resolved     gitHead: 'cfd7ea48a500a63640d503cd4ee9a8ee58645b31',
47 silly resolved     bugs: { url: 'https://github.com/driftyco/ionic-cli/issues' },
47 silly resolved     _id: 'ionic@1.6.1',
47 silly resolved     _shasum: 'a523c04601dc594bc15ff3913ec5e376ccaafb8b',
47 silly resolved     _from: 'ionic@',
47 silly resolved     _npmVersion: '2.10.1',
47 silly resolved     _nodeVersion: '0.12.4',
47 silly resolved     _npmUser: { name: 'jbavari', email: 'jbavari@gmail.com' },
47 silly resolved     dist:
47 silly resolved      { shasum: 'a523c04601dc594bc15ff3913ec5e376ccaafb8b',
47 silly resolved        tarball: 'http://registry.npmjs.org/ionic/-/ionic-1.6.1.tgz' },
47 silly resolved     maintainers: [ [Object], [Object], [Object] ],
47 silly resolved     directories: {},
47 silly resolved     _resolved: 'https://registry.npmjs.org/ionic/-/ionic-1.6.1.tgz' } ]
48 info install ionic@1.6.1 into /usr/lib
49 info installOne ionic@1.6.1
50 verbose lib/node_modules/ionic unbuild
51 verbose tar unpack /home/manuel/.npm/ionic/1.6.1/package.tgz
52 silly lockFile 02ac979d-tar-usr-lib-node-modules-ionic tar:///usr/lib/node_modules/ionic
53 verbose lock tar:///usr/lib/node_modules/ionic /home/manuel/.npm/02ac979d-tar-usr-lib-node-modules-ionic.lock
54 silly lockFile e94329c9-nuel-npm-ionic-1-6-1-package-tgz tar:///home/manuel/.npm/ionic/1.6.1/package.tgz
55 verbose lock tar:///home/manuel/.npm/ionic/1.6.1/package.tgz /home/manuel/.npm/e94329c9-nuel-npm-ionic-1-6-1-package-tgz.lock
56 silly gunzTarPerm modes [ '755', '644' ]
57 error Error: EACCES, mkdir '/usr/lib/node_modules/ionic'
57 error  { [Error: EACCES, mkdir '/usr/lib/node_modules/ionic']
57 error   errno: 3,
57 error   code: 'EACCES',
57 error   path: '/usr/lib/node_modules/ionic',
57 error   fstream_type: 'Directory',
57 error   fstream_path: '/usr/lib/node_modules/ionic',
57 error   fstream_class: 'DirWriter',
57 error   fstream_stack:
57 error    [ '/usr/lib/node_modules/npm/node_modules/fstream/lib/dir-writer.js:36:23',
57 error      '/usr/lib/node_modules/npm/node_modules/mkdirp/index.js:46:53',
57 error      'Object.oncomplete (fs.js:108:15)' ] }
58 error Please try running this command again as root/Administrator.
59 error System Linux 3.16.0-38-generic
60 error command "/usr/bin/node" "/usr/bin/npm" "install" "-g" "ionic"
61 error cwd /home/manuel/Documentos/comomeveis
62 error node -v v0.10.37
63 error npm -v 1.4.28
64 error path /usr/lib/node_modules/ionic
65 error fstream_path /usr/lib/node_modules/ionic
66 error fstream_type Directory
67 error fstream_class DirWriter
68 error code EACCES
69 error errno 3
70 error stack Error: EACCES, mkdir '/usr/lib/node_modules/ionic'
71 error fstream_stack /usr/lib/node_modules/npm/node_modules/fstream/lib/dir-writer.js:36:23
71 error fstream_stack /usr/lib/node_modules/npm/node_modules/mkdirp/index.js:46:53
71 error fstream_stack Object.oncomplete (fs.js:108:15)
72 verbose exit [ 3, true ]
